<?xml version="1.0" encoding="UTF-8"?>
<!-- Generated by org.testng.reporters.JUnitXMLReporter -->
<testsuite ignored="2" hostname="RPLUSN06234" failures="0" tests="3" name="AnotherTest2" time="48.765" errors="0" timestamp="2023-11-29T23:37:13 WIB">
  <testcase classname="tests.LoginTest" name="testPopUpHandling" time="10.805"/>
  <testcase classname="tests.LoginTest" name="testWaitPlayer" time="0.11"/>
  <testcase classname="tests.LoginTest" name="testLoginValidEmail" time="24.345"/>
  <testcase classname="tests.LoginTest" name="logout" time="0.0">
    <ignored/>
  </testcase> <!-- logout -->
  <testcase classname="tests.LoginTest" name="testLoginValidPhone" time="0.0">
    <ignored/>
  </testcase> <!-- testLoginValidPhone -->
</testsuite> <!-- AnotherTest2 -->
