<?xml version="1.0" encoding="UTF-8"?>
<!-- Generated by org.testng.reporters.JUnitXMLReporter -->
<testsuite ignored="1" hostname="RPLUSN06234" failures="0" tests="5" name="RegressionTests" time="51.606" errors="0" timestamp="2024-01-27T08:56:11 WIB">
  <testcase classname="tests.HomeTest" name="testPopUpHandling" time="28.898"/>
  <testcase classname="tests.HomeTest" name="testWaitPlayer" time="0.153"/>
  <testcase classname="tests.HomeTest" name="testHome" time="2.758"/>
  <testcase classname="tests.PlayerLiveTest" name="testPopUpHandling" time="10.199"/>
  <testcase classname="tests.PlayerLiveTest" name="testPlayerLiveRCTI" time="9.553"/>
  <testcase classname="tests.HomeTest" name="testBannerMainHomepage" time="0.0">
    <ignored/>
  </testcase> <!-- testBannerMainHomepage -->
</testsuite> <!-- RegressionTests -->
